<?xml version="1.0" encoding="utf-8"?><testsuites name="pytest tests"><testsuite name="pytest" errors="0" failures="0" skipped="0" tests="32" time="49.111" timestamp="2026-05-14T03:06:18.493755+00:00" hostname="agent-env-126c0e95-ef8e-4d95-b098-202d1ed27ee0"><testcase classname="tests.test_social_video_iter6.TestAuth" name="test_signin_ok" time="0.232" /><testcase classname="tests.test_social_video_iter6.TestAuth" name="test_unauth_blocks_social_routes" time="0.006" /><testcase classname="tests.test_social_video_iter6.TestSocialProfile" name="test_get_default_profile" time="0.066" /><testcase classname="tests.test_social_video_iter6.TestSocialProfile" name="test_save_and_idempotent" time="0.009" /><testcase classname="tests.test_social_video_iter6.TestLogoUpload" name="test_upload_and_serve" time="0.008" /><testcase classname="tests.test_social_video_iter6.TestLogoUpload" name="test_reject_too_large" time="0.023" /><testcase classname="tests.test_social_video_iter6.TestLogoUpload" name="test_reject_bad_ext" time="0.003" /><testcase classname="tests.test_social_video_iter6.TestLogoUpload" name="test_logo_missing_404" time="0.002" /><testcase classname="tests.test_social_video_iter6.TestSocialGenerateAndJob" name="test_generate_returns_job_immediately" time="0.004" /><testcase classname="tests.test_social_video_iter6.TestSocialGenerateAndJob" name="test_brief_too_short" time="8.111" /><testcase classname="tests.test_social_video_iter6.TestSocialGenerateAndJob" name="test_job_progresses_to_completed" time="40.204" /><testcase classname="tests.test_social_video_iter6.TestSocialGenerateAndJob" name="test_job_failure_persists_with_error" time="0.000" /><testcase classname="tests.test_social_video_iter6.TestSocialGenerateAndJob" name="test_jobs_list_includes_this_job" time="0.004" /><testcase classname="tests.test_social_video_iter6.TestSocialGenerateAndJob" name="test_generated_post_has_content" time="0.003" /><testcase classname="tests.test_social_video_iter6.TestSocialGenerateAndJob" name="test_asset_served" time="0.007" /><testcase classname="tests.test_social_video_iter6.TestSocialGenerateAndJob" name="test_asset_traversal_blocked" time="0.002" /><testcase classname="tests.test_social_video_iter6.TestSocialGenerateAndJob" name="test_asset_missing_404" time="0.002" /><testcase classname="tests.test_social_video_iter6.TestPostsCRUD" name="test_synthetic_post_patch_works" time="0.299" /><testcase classname="tests.test_social_video_iter6.TestPostsCRUD" name="test_synthetic_post_delete" time="0.010" /><testcase classname="tests.test_social_video_iter6.TestPostsCRUD" name="test_patch_empty_body_synth" time="0.002" /><testcase classname="tests.test_social_video_iter6.TestPostsCRUD" name="test_get_404_unknown" time="0.002" /><testcase classname="tests.test_social_video_iter6.TestPostsCRUD" name="test_patch_status_and_caption" time="0.009" /><testcase classname="tests.test_social_video_iter6.TestPostsCRUD" name="test_patch_empty_body_400" time="0.005" /><testcase classname="tests.test_social_video_iter6.TestPostsCRUD" name="test_patch_404" time="0.003" /><testcase classname="tests.test_social_video_iter6.TestPostsCRUD" name="test_delete_404" time="0.003" /><testcase classname="tests.test_social_video_iter6.TestVideo" name="test_health" time="0.002" /><testcase classname="tests.test_social_video_iter6.TestVideo" name="test_health_requires_auth" time="0.002" /><testcase classname="tests.test_social_video_iter6.TestVideo" name="test_generate_blocks_without_fal_key" time="0.002" /><testcase classname="tests.test_social_video_iter6.TestVideo" name="test_upload_list_delete" time="0.009" /><testcase classname="tests.test_social_video_iter6.TestVideo" name="test_delete_clip_404" time="0.003" /><testcase classname="tests.test_social_video_iter6.TestVideo" name="test_timeline_save_load" time="0.006" /><testcase classname="tests.test_social_video_iter6.TestJobPersistence" name="test_job_record_persists" time="0.003" /></testsuite></testsuites>