<?xml version="1.0" encoding="utf-8"?><testsuites name="pytest tests"><testsuite name="pytest" errors="0" failures="0" skipped="3" tests="30" time="124.205" timestamp="2026-05-14T03:39:41.006262+00:00" hostname="agent-env-126c0e95-ef8e-4d95-b098-202d1ed27ee0"><testcase classname="tests.test_iter7_social_oauth.TestWorkspaceLogin" name="test_login_with_correct_password" time="0.304" /><testcase classname="tests.test_iter7_social_oauth.TestWorkspaceLogin" name="test_login_with_wrong_password" time="0.139" /><testcase classname="tests.test_iter7_social_oauth.TestWorkspaceLogin" name="test_login_empty_password" time="0.133" /><testcase classname="tests.test_iter7_social_oauth.TestWorkspaceLogin" name="test_auth_verify_with_admin_token" time="0.262" /><testcase classname="tests.test_iter7_social_oauth.TestOAuthStatus" name="test_returns_three_platforms_all_unconfigured" time="0.152" /><testcase classname="tests.test_iter7_social_oauth.TestOAuthStatus" name="test_status_requires_auth" time="0.113" /><testcase classname="tests.test_iter7_social_oauth.TestOAuthStart" name="test_start_returns_400_when_unconfigured[instagram]" time="0.102" /><testcase classname="tests.test_iter7_social_oauth.TestOAuthStart" name="test_start_returns_400_when_unconfigured[linkedin]" time="0.116" /><testcase classname="tests.test_iter7_social_oauth.TestOAuthStart" name="test_start_returns_400_when_unconfigured[twitter]" time="0.106" /><testcase classname="tests.test_iter7_social_oauth.TestOAuthStart" name="test_start_unknown_platform" time="0.116" /><testcase classname="tests.test_iter7_social_oauth.TestConnections" name="test_connections_requires_auth" time="0.109" /><testcase classname="tests.test_iter7_social_oauth.TestConnections" name="test_connections_returns_three_unconnected" time="0.107" /><testcase classname="tests.test_iter7_social_oauth.TestConnections" name="test_disconnect_idempotent[instagram]" time="0.231" /><testcase classname="tests.test_iter7_social_oauth.TestConnections" name="test_disconnect_idempotent[linkedin]" time="0.213" /><testcase classname="tests.test_iter7_social_oauth.TestConnections" name="test_disconnect_idempotent[twitter]" time="0.206" /><testcase classname="tests.test_iter7_social_oauth.TestConnections" name="test_disconnect_unknown_platform" time="0.101" /><testcase classname="tests.test_iter7_social_oauth.TestAutopilot" name="test_get_default_for_new_user" time="0.109" /><testcase classname="tests.test_iter7_social_oauth.TestAutopilot" name="test_post_persists_and_get_reflects" time="0.224" /><testcase classname="tests.test_iter7_social_oauth.TestAutopilot" name="test_autopilot_requires_auth" time="0.108" /><testcase classname="tests.test_iter7_social_oauth.TestPublishSchedule" name="test_publish_404_for_missing_post" time="0.107" /><testcase classname="tests.test_iter7_social_oauth.TestPublishSchedule" name="test_publish_400_when_no_connection" time="0.158" /><testcase classname="tests.test_iter7_social_oauth.TestPublishSchedule" name="test_schedule_404_for_missing" time="0.107" /><testcase classname="tests.test_iter7_social_oauth.TestPublishSchedule" name="test_schedule_sets_status_and_time" time="0.146" /><testcase classname="tests.test_iter7_social_oauth.TestSchedulerSafety" name="test_past_due_with_no_connection_stays_scheduled" time="75.002" /><testcase classname="tests.test_iter7_social_oauth.TestExistingEndpoints" name="test_video_health" time="0.256" /><testcase classname="tests.test_iter7_social_oauth.TestExistingEndpoints" name="test_social_posts_list" time="0.139" /><testcase classname="tests.test_iter7_social_oauth.TestExistingEndpoints" name="test_social_generate_kicks_job" time="0.127" /><testcase classname="tests.test_iter7_social_oauth.TestUserTokenE2E" name="test_user_token_can_access_social" time="45.098"><skipped type="pytest.skip" message="user signin timed out (&gt;45s)">/app/backend/tests/test_iter7_social_oauth.py:376: user signin timed out (&gt;45s)</skipped></testcase><testcase classname="tests.test_iter7_social_oauth.TestUserTokenE2E" name="test_user_token_connections_isolated" time="0.002"><skipped type="pytest.skip" message="user signin timed out (&gt;45s)">/app/backend/tests/test_iter7_social_oauth.py:384: user signin timed out (&gt;45s)</skipped></testcase><testcase classname="tests.test_iter7_social_oauth.TestUserTokenE2E" name="test_user_token_autopilot" time="0.001"><skipped type="pytest.skip" message="user signin timed out (&gt;45s)">/app/backend/tests/test_iter7_social_oauth.py:393: user signin timed out (&gt;45s)</skipped></testcase></testsuite></testsuites>