<?xml version="1.0" encoding="utf-8"?><testsuites name="pytest tests"><testsuite name="pytest" errors="0" failures="5" skipped="0" tests="20" time="19.800" timestamp="2026-05-14T00:40:27.882041+00:00" hostname="agent-env-4f4224c0-5807-47bd-8f58-af4170b76c00"><testcase classname="tests.test_iter4_e2e_audit.TestAuth" name="test_login_with_555" time="0.328" /><testcase classname="tests.test_iter4_e2e_audit.TestAuth" name="test_login_bad_password_rejected" time="1.492" /><testcase classname="tests.test_iter4_e2e_audit.TestE2EHappyPath" name="test_project_created" time="0.254"><failure message="AssertionError: assert None&#10; +  where None = &lt;built-in method get of dict object at 0xf94a99986f40&gt;('prompt')&#10; +    where &lt;built-in method get of dict object at 0xf94a99986f40&gt; = {'created_at': '2026-05-14T00:40:29.976282+00:00', 'deploy_slug': None, 'deployed': False, 'description': '', ...}.get">backend/tests/test_iter4_e2e_audit.py:78: in test_project_created
    assert project.get("prompt")
E   AssertionError: assert None
E    +  where None = &lt;built-in method get of dict object at 0xf94a99986f40&gt;('prompt')
E    +    where &lt;built-in method get of dict object at 0xf94a99986f40&gt; = {'created_at': '2026-05-14T00:40:29.976282+00:00', 'deploy_slug': None, 'deployed': False, 'description': '', ...}.get</failure></testcase><testcase classname="tests.test_iter4_e2e_audit.TestE2EHappyPath" name="test_workflow_autostarted" time="0.100"><failure message="AssertionError: expected an auto-started workflow, got: {'items': []}&#10;assert 0 &gt;= 1&#10; +  where 0 = len([])">backend/tests/test_iter4_e2e_audit.py:91: in test_workflow_autostarted
    assert len(wfs) &gt;= 1, f"expected an auto-started workflow, got: {data}"
E   AssertionError: expected an auto-started workflow, got: {'items': []}
E   assert 0 &gt;= 1
E    +  where 0 = len([])</failure></testcase><testcase classname="tests.test_iter4_e2e_audit.TestE2EHappyPath" name="test_chat_generates_files_and_reconciles" time="13.886"><failure message="AssertionError: chat failed 502 {&quot;detail&quot;:&quot;AI returned no files&quot;}&#10;assert 502 == 200&#10; +  where 502 = &lt;Response [502]&gt;.status_code">backend/tests/test_iter4_e2e_audit.py:100: in test_chat_generates_files_and_reconciles
    assert r.status_code == 200, f"chat failed {r.status_code} {r.text[:500]}"
E   AssertionError: chat failed 502 {"detail":"AI returned no files"}
E   assert 502 == 200
E    +  where 502 = &lt;Response [502]&gt;.status_code</failure></testcase><testcase classname="tests.test_iter4_e2e_audit.TestE2EHappyPath" name="test_preview_url_endpoint_returns_something" time="0.347" /><testcase classname="tests.test_iter4_e2e_audit.TestDeploy" name="test_providers_list_contains_internal" time="0.146" /><testcase classname="tests.test_iter4_e2e_audit.TestDeploy" name="test_deploy_internal_and_poll" time="0.284"><failure message="AssertionError: final={'id': 'b870fc38-52ed-4a91-8f95-274d2589ce53', 'project_id': 'a7e7128a-2e1f-4f8a-b614-15f60f4a4393', 'provider': 'internal', 'status': 'failed', 'slug': None, 'public_url': None, 'started_at': '2026-05-14T00:40:44.664525+00:00', 'completed_at': '2026-05-14T00:40:44.665087+00:00', 'logs': [{'ts': '2026-05-14T00:40:44.664535+00:00', 'level': 'info', 'msg': '› queued ✓ → starting build…'}, {'ts': '2026-05-14T00:40:44.665073+00:00', 'level': 'info', 'msg': '› provider=internal target=public-url'}, {'ts': '2026-05-14T00:40:44.665078+00:00', 'level': 'info', 'msg': &quot;› project='TEST_iter4_e27a2d95' files=8&quot;}, {'ts': '2026-05-14T00:40:44.665085+00:00', 'level': 'error', 'msg': '✗ index.html not found'}], 'files': [{'path': 'package.json', 'content': '{\n  &quot;name&quot;: &quot;test-iter4-e27a2d95&quot;,\n  &quot;private&quot;: true,\n  &quot;version&quot;: &quot;0.1.0&quot;,\n  &quot;scripts&quot;: {\n    &quot;dev&quot;: &quot;next dev&quot;,\n    &quot;build&quot;: &quot;next build&quot;,\n    &quot;start&quot;: &quot;next start&quot;\n  },\n  &quot;dependencies&quot;: {\n    &quot;next&quot;: &quot;^14.2.5&quot;,\n    &quot;react&quot;: &quot;^18.3.1&quot;,\n    &quot;react-dom&quot;: &quot;^18.3.1&quot;\n  },\n  &quot;devDependencies&quot;: {\n    &quot;autoprefixer&quot;: &quot;^10.4.19&quot;,\n    &quot;postcss&quot;: &quot;^8.4.41&quot;,\n    &quot;tailwindcss&quot;: &quot;^3.4.10&quot;\n  }\n}\n'}, {'path': 'next.config.js', 'content': &quot;/** @type {import('next').NextConfig} */\nconst nextConfig = { reactStrictMode: true };\nmodule.exports = nextConfig;\n&quot;}, {'path': 'tailwind.config.js', 'content': &quot;/** @type {import('tailwindcss').Config} */\nmodule.exports = {\n  content: ['./app/**/*.{js,jsx,ts,tsx}', './components/**/*.{js,jsx,ts,tsx}'],\n  theme: { extend: {} },\n  plugins: [],\n};\n&quot;}, {'path': 'postcss.config.js', 'content': 'module.exports = {\n  plugins: { tailwindcss: {}, autoprefixer: {} },\n};\n'}, {'path': 'app/layout.jsx', 'content': 'import \'./globals.css\';\n\nexport const metadata = { title: \'TEST_iter4_e27a2d95\', description: \'Built with NXT1.\' };\n\nexport default function RootLayout({ children }) {\n  return (\n    &lt;html lang=&quot;en&quot;&gt;\n      &lt;body&gt;{children}&lt;/body&gt;\n    &lt;/html&gt;\n  );\n}\n'}, {'path': 'app/page.jsx', 'content': 'export default function Home() {\n  return (\n    &lt;main className=&quot;min-h-screen bg-[#1F1F23] text-white grid place-items-center px-6&quot;&gt;\n      &lt;div className=&quot;max-w-xl&quot;&gt;\n        &lt;span className=&quot;inline-block text-[11px] font-mono tracking-[0.22em] uppercase text-white/50 border border-white/15 px-2.5 py-1 rounded-sm mb-6&quot;&gt;\n          NXT1 // NEXT.JS + TAILWIND\n        &lt;/span&gt;\n        &lt;h1 className=&quot;text-5xl sm:text-6xl font-bold tracking-tight leading-[1.05] bg-gradient-to-br from-white to-[#5EEAD4] bg-clip-text text-transparent&quot;&gt;\n          TEST_iter4_e27a2d95\n        &lt;/h1&gt;\n        &lt;p className=&quot;text-white/55 text-[17px] mt-4&quot;&gt;\n          Tell NXT1 what to build. The AI extends this Next.js foundation.\n        &lt;/p&gt;\n      &lt;/div&gt;\n    &lt;/main&gt;\n  );\n}\n'}, {'path': 'app/globals.css', 'content': &quot;@tailwind base;\n@tailwind components;\n@tailwind utilities;\n\nhtml, body { height: 100%; font-family: 'Inter', system-ui, sans-serif; }\n&quot;}, {'path': 'README.md', 'content': '# TEST_iter4_e27a2d95\n\nNext.js 14 + Tailwind foundation generated by NXT1.\n\n```\nnpm install\nnpm run dev\n```\n'}], 'error': 'Missing index.html', 'trigger': 'manual', 'created_by': 'admin'}&#10;assert ({'completed_at': '2026-05-14T00:40:44.665087+00:00', 'created_by': 'admin', 'error': 'Missing index.html', 'files': [{'content': '{\n  &quot;name&quot;: &quot;test-iter4-e27a2d95&quot;,\n  &quot;private&quot;: true,\n  &quot;version&quot;: &quot;0.1.0&quot;,\n  &quot;scripts&quot;: {\n    &quot;dev&quot;: &quot;next dev&quot;,\n    &quot;build&quot;: &quot;next build&quot;,\n    &quot;start&quot;: &quot;next start&quot;\n  },\n  &quot;dependencies&quot;: {\n    &quot;next&quot;: &quot;^14.2.5&quot;,\n    &quot;react&quot;: &quot;^18.3.1&quot;,\n    &quot;react-dom&quot;: &quot;^18.3.1&quot;\n  },\n  &quot;devDependencies&quot;: {\n    &quot;autoprefixer&quot;: &quot;^10.4.19&quot;,\n    &quot;postcss&quot;: &quot;^8.4.41&quot;,\n    &quot;tailwindcss&quot;: &quot;^3.4.10&quot;\n  }\n}\n', 'path': 'package.json'}, {'content': &quot;/** @type {import('next').NextConfig} */\nconst nextConfig = { reactStrictMode: true };\nmodule.exports = nextConfig;\n&quot;, 'path': 'next.config.js'}, {'content': &quot;/** @type {import('tailwindcss').Config} */\nmodule.exports = {\n  content: ['./app/**/*.{js,jsx,ts,tsx}', './components/**/*.{js,jsx,ts,tsx}'],\n  theme: { extend: {} },\n  plugins: [],\n};\n&quot;, 'path': 'tailwind.config.js'}, {'content': 'module.exports = {\n  plugins: { tailwindcss: {}, autoprefixer: {} },\n};\n', 'path': 'postcss.config.js'}, {'content': 'import \'./globals.css\';\n\nexport const metadata = { title: \'TEST_iter4_e27a2d95\', description: \'Built with NXT1.\' };\n\nexport default function RootLayout({ children }) {\n  return (\n    &lt;html lang=&quot;en&quot;&gt;\n      &lt;body&gt;{children}&lt;/body&gt;\n    &lt;/html&gt;\n  );\n}\n', 'path': 'app/layout.jsx'}, {'content': 'export default function Home() {\n  return (\n    &lt;main className=&quot;min-h-screen bg-[#1F1F23] text-white grid place-items-center px-6&quot;&gt;\n      &lt;div className=&quot;max-w-xl&quot;&gt;\n        &lt;span className=&quot;inline-block text-[11px] font-mono tracking-[0.22em] uppercase text-white/50 border border-white/15 px-2.5 py-1 rounded-sm mb-6&quot;&gt;\n          NXT1 // NEXT.JS + TAILWIND\n        &lt;/span&gt;\n        &lt;h1 className=&quot;text-5xl sm:text-6xl font-bold tracking-tight leading-[1.05] bg-gradient-to-br from-white to-[#5EEAD4] bg-clip-text text-transparent&quot;&gt;\n          TEST_iter4_e27a2d95\n        &lt;/h1&gt;\n        &lt;p className=&quot;text-white/55 text-[17px] mt-4&quot;&gt;\n          Tell NXT1 what to build. The AI extends this Next.js foundation.\n        &lt;/p&gt;\n      &lt;/div&gt;\n    &lt;/main&gt;\n  );\n}\n', 'path': 'app/page.jsx'}, ...], ...} and 'failed' in ('deployed', 'live', 'completed'))&#10; +  where 'failed' = &lt;built-in method get of dict object at 0xf94a99797880&gt;('status')&#10; +    where &lt;built-in method get of dict object at 0xf94a99797880&gt; = {'completed_at': '2026-05-14T00:40:44.665087+00:00', 'created_by': 'admin', 'error': 'Missing index.html', 'files': [{'content': '{\n  &quot;name&quot;: &quot;test-iter4-e27a2d95&quot;,\n  &quot;private&quot;: true,\n  &quot;version&quot;: &quot;0.1.0&quot;,\n  &quot;scripts&quot;: {\n    &quot;dev&quot;: &quot;next dev&quot;,\n    &quot;build&quot;: &quot;next build&quot;,\n    &quot;start&quot;: &quot;next start&quot;\n  },\n  &quot;dependencies&quot;: {\n    &quot;next&quot;: &quot;^14.2.5&quot;,\n    &quot;react&quot;: &quot;^18.3.1&quot;,\n    &quot;react-dom&quot;: &quot;^18.3.1&quot;\n  },\n  &quot;devDependencies&quot;: {\n    &quot;autoprefixer&quot;: &quot;^10.4.19&quot;,\n    &quot;postcss&quot;: &quot;^8.4.41&quot;,\n    &quot;tailwindcss&quot;: &quot;^3.4.10&quot;\n  }\n}\n', 'path': 'package.json'}, {'content': &quot;/** @type {import('next').NextConfig} */\nconst nextConfig = { reactStrictMode: true };\nmodule.exports = nextConfig;\n&quot;, 'path': 'next.config.js'}, {'content': &quot;/** @type {import('tailwindcss').Config} */\nmodule.exports = {\n  content: ['./app/**/*.{js,jsx,ts,tsx}', './components/**/*.{js,jsx,ts,tsx}'],\n  theme: { extend: {} },\n  plugins: [],\n};\n&quot;, 'path': 'tailwind.config.js'}, {'content': 'module.exports = {\n  plugins: { tailwindcss: {}, autoprefixer: {} },\n};\n', 'path': 'postcss.config.js'}, {'content': 'import \'./globals.css\';\n\nexport const metadata = { title: \'TEST_iter4_e27a2d95\', description: \'Built with NXT1.\' };\n\nexport default function RootLayout({ children }) {\n  return (\n    &lt;html lang=&quot;en&quot;&gt;\n      &lt;body&gt;{children}&lt;/body&gt;\n    &lt;/html&gt;\n  );\n}\n', 'path': 'app/layout.jsx'}, {'content': 'export default function Home() {\n  return (\n    &lt;main className=&quot;min-h-screen bg-[#1F1F23] text-white grid place-items-center px-6&quot;&gt;\n      &lt;div className=&quot;max-w-xl&quot;&gt;\n        &lt;span className=&quot;inline-block text-[11px] font-mono tracking-[0.22em] uppercase text-white/50 border border-white/15 px-2.5 py-1 rounded-sm mb-6&quot;&gt;\n          NXT1 // NEXT.JS + TAILWIND\n        &lt;/span&gt;\n        &lt;h1 className=&quot;text-5xl sm:text-6xl font-bold tracking-tight leading-[1.05] bg-gradient-to-br from-white to-[#5EEAD4] bg-clip-text text-transparent&quot;&gt;\n          TEST_iter4_e27a2d95\n        &lt;/h1&gt;\n        &lt;p className=&quot;text-white/55 text-[17px] mt-4&quot;&gt;\n          Tell NXT1 what to build. The AI extends this Next.js foundation.\n        &lt;/p&gt;\n      &lt;/div&gt;\n    &lt;/main&gt;\n  );\n}\n', 'path': 'app/page.jsx'}, ...], ...}.get">backend/tests/test_iter4_e2e_audit.py:159: in test_deploy_internal_and_poll
    assert final and final.get("status") in ("deployed", "live", "completed"), (
E   AssertionError: final={'id': 'b870fc38-52ed-4a91-8f95-274d2589ce53', 'project_id': 'a7e7128a-2e1f-4f8a-b614-15f60f4a4393', 'provider': 'internal', 'status': 'failed', 'slug': None, 'public_url': None, 'started_at': '2026-05-14T00:40:44.664525+00:00', 'completed_at': '2026-05-14T00:40:44.665087+00:00', 'logs': [{'ts': '2026-05-14T00:40:44.664535+00:00', 'level': 'info', 'msg': '› queued ✓ → starting build…'}, {'ts': '2026-05-14T00:40:44.665073+00:00', 'level': 'info', 'msg': '› provider=internal target=public-url'}, {'ts': '2026-05-14T00:40:44.665078+00:00', 'level': 'info', 'msg': "› project='TEST_iter4_e27a2d95' files=8"}, {'ts': '2026-05-14T00:40:44.665085+00:00', 'level': 'error', 'msg': '✗ index.html not found'}], 'files': [{'path': 'package.json', 'content': '{\n  "name": "test-iter4-e27a2d95",\n  "private": true,\n  "version": "0.1.0",\n  "scripts": {\n    "dev": "next dev",\n    "build": "next build",\n    "start": "next start"\n  },\n  "dependencies": {\n    "next": "^14.2.5",\n    "react": "^18.3.1",\n    "react-dom": "^18.3.1"\n  },\n  "devDependencies": {\n    "autoprefixer": "^10.4.19",\n    "postcss": "^8.4.41",\n    "tailwindcss": "^3.4.10"\n  }\n}\n'}, {'path': 'next.config.js', 'content': "/** @type {import('next').NextConfig} */\nconst nextConfig = { reactStrictMode: true };\nmodule.exports = nextConfig;\n"}, {'path': 'tailwind.config.js', 'content': "/** @type {import('tailwindcss').Config} */\nmodule.exports = {\n  content: ['./app/**/*.{js,jsx,ts,tsx}', './components/**/*.{js,jsx,ts,tsx}'],\n  theme: { extend: {} },\n  plugins: [],\n};\n"}, {'path': 'postcss.config.js', 'content': 'module.exports = {\n  plugins: { tailwindcss: {}, autoprefixer: {} },\n};\n'}, {'path': 'app/layout.jsx', 'content': 'import \'./globals.css\';\n\nexport const metadata = { title: \'TEST_iter4_e27a2d95\', description: \'Built with NXT1.\' };\n\nexport default function RootLayout({ children }) {\n  return (\n    &lt;html lang="en"&gt;\n      &lt;body&gt;{children}&lt;/body&gt;\n    &lt;/html&gt;\n  );\n}\n'}, {'path': 'app/page.jsx', 'content': 'export default function Home() {\n  return (\n    &lt;main className="min-h-screen bg-[#1F1F23] text-white grid place-items-center px-6"&gt;\n      &lt;div className="max-w-xl"&gt;\n        &lt;span className="inline-block text-[11px] font-mono tracking-[0.22em] uppercase text-white/50 border border-white/15 px-2.5 py-1 rounded-sm mb-6"&gt;\n          NXT1 // NEXT.JS + TAILWIND\n        &lt;/span&gt;\n        &lt;h1 className="text-5xl sm:text-6xl font-bold tracking-tight leading-[1.05] bg-gradient-to-br from-white to-[#5EEAD4] bg-clip-text text-transparent"&gt;\n          TEST_iter4_e27a2d95\n        &lt;/h1&gt;\n        &lt;p className="text-white/55 text-[17px] mt-4"&gt;\n          Tell NXT1 what to build. The AI extends this Next.js foundation.\n        &lt;/p&gt;\n      &lt;/div&gt;\n    &lt;/main&gt;\n  );\n}\n'}, {'path': 'app/globals.css', 'content': "@tailwind base;\n@tailwind components;\n@tailwind utilities;\n\nhtml, body { height: 100%; font-family: 'Inter', system-ui, sans-serif; }\n"}, {'path': 'README.md', 'content': '# TEST_iter4_e27a2d95\n\nNext.js 14 + Tailwind foundation generated by NXT1.\n\n```\nnpm install\nnpm run dev\n```\n'}], 'error': 'Missing index.html', 'trigger': 'manual', 'created_by': 'admin'}
E   assert ({'completed_at': '2026-05-14T00:40:44.665087+00:00', 'created_by': 'admin', 'error': 'Missing index.html', 'files': [{'content': '{\n  "name": "test-iter4-e27a2d95",\n  "private": true,\n  "version": "0.1.0",\n  "scripts": {\n    "dev": "next dev",\n    "build": "next build",\n    "start": "next start"\n  },\n  "dependencies": {\n    "next": "^14.2.5",\n    "react": "^18.3.1",\n    "react-dom": "^18.3.1"\n  },\n  "devDependencies": {\n    "autoprefixer": "^10.4.19",\n    "postcss": "^8.4.41",\n    "tailwindcss": "^3.4.10"\n  }\n}\n', 'path': 'package.json'}, {'content': "/** @type {import('next').NextConfig} */\nconst nextConfig = { reactStrictMode: true };\nmodule.exports = nextConfig;\n", 'path': 'next.config.js'}, {'content': "/** @type {import('tailwindcss').Config} */\nmodule.exports = {\n  content: ['./app/**/*.{js,jsx,ts,tsx}', './components/**/*.{js,jsx,ts,tsx}'],\n  theme: { extend: {} },\n  plugins: [],\n};\n", 'path': 'tailwind.config.js'}, {'content': 'module.exports = {\n  plugins: { tailwindcss: {}, autoprefixer: {} },\n};\n', 'path': 'postcss.config.js'}, {'content': 'import \'./globals.css\';\n\nexport const metadata = { title: \'TEST_iter4_e27a2d95\', description: \'Built with NXT1.\' };\n\nexport default function RootLayout({ children }) {\n  return (\n    &lt;html lang="en"&gt;\n      &lt;body&gt;{children}&lt;/body&gt;\n    &lt;/html&gt;\n  );\n}\n', 'path': 'app/layout.jsx'}, {'content': 'export default function Home() {\n  return (\n    &lt;main className="min-h-screen bg-[#1F1F23] text-white grid place-items-center px-6"&gt;\n      &lt;div className="max-w-xl"&gt;\n        &lt;span className="inline-block text-[11px] font-mono tracking-[0.22em] uppercase text-white/50 border border-white/15 px-2.5 py-1 rounded-sm mb-6"&gt;\n          NXT1 // NEXT.JS + TAILWIND\n        &lt;/span&gt;\n        &lt;h1 className="text-5xl sm:text-6xl font-bold tracking-tight leading-[1.05] bg-gradient-to-br from-white to-[#5EEAD4] bg-clip-text text-transparent"&gt;\n          TEST_iter4_e27a2d95\n        &lt;/h1&gt;\n        &lt;p className="text-white/55 text-[17px] mt-4"&gt;\n          Tell NXT1 what to build. The AI extends this Next.js foundation.\n        &lt;/p&gt;\n      &lt;/div&gt;\n    &lt;/main&gt;\n  );\n}\n', 'path': 'app/page.jsx'}, ...], ...} and 'failed' in ('deployed', 'live', 'completed'))
E    +  where 'failed' = &lt;built-in method get of dict object at 0xf94a99797880&gt;('status')
E    +    where &lt;built-in method get of dict object at 0xf94a99797880&gt; = {'completed_at': '2026-05-14T00:40:44.665087+00:00', 'created_by': 'admin', 'error': 'Missing index.html', 'files': [{'content': '{\n  "name": "test-iter4-e27a2d95",\n  "private": true,\n  "version": "0.1.0",\n  "scripts": {\n    "dev": "next dev",\n    "build": "next build",\n    "start": "next start"\n  },\n  "dependencies": {\n    "next": "^14.2.5",\n    "react": "^18.3.1",\n    "react-dom": "^18.3.1"\n  },\n  "devDependencies": {\n    "autoprefixer": "^10.4.19",\n    "postcss": "^8.4.41",\n    "tailwindcss": "^3.4.10"\n  }\n}\n', 'path': 'package.json'}, {'content': "/** @type {import('next').NextConfig} */\nconst nextConfig = { reactStrictMode: true };\nmodule.exports = nextConfig;\n", 'path': 'next.config.js'}, {'content': "/** @type {import('tailwindcss').Config} */\nmodule.exports = {\n  content: ['./app/**/*.{js,jsx,ts,tsx}', './components/**/*.{js,jsx,ts,tsx}'],\n  theme: { extend: {} },\n  plugins: [],\n};\n", 'path': 'tailwind.config.js'}, {'content': 'module.exports = {\n  plugins: { tailwindcss: {}, autoprefixer: {} },\n};\n', 'path': 'postcss.config.js'}, {'content': 'import \'./globals.css\';\n\nexport const metadata = { title: \'TEST_iter4_e27a2d95\', description: \'Built with NXT1.\' };\n\nexport default function RootLayout({ children }) {\n  return (\n    &lt;html lang="en"&gt;\n      &lt;body&gt;{children}&lt;/body&gt;\n    &lt;/html&gt;\n  );\n}\n', 'path': 'app/layout.jsx'}, {'content': 'export default function Home() {\n  return (\n    &lt;main className="min-h-screen bg-[#1F1F23] text-white grid place-items-center px-6"&gt;\n      &lt;div className="max-w-xl"&gt;\n        &lt;span className="inline-block text-[11px] font-mono tracking-[0.22em] uppercase text-white/50 border border-white/15 px-2.5 py-1 rounded-sm mb-6"&gt;\n          NXT1 // NEXT.JS + TAILWIND\n        &lt;/span&gt;\n        &lt;h1 className="text-5xl sm:text-6xl font-bold tracking-tight leading-[1.05] bg-gradient-to-br from-white to-[#5EEAD4] bg-clip-text text-transparent"&gt;\n          TEST_iter4_e27a2d95\n        &lt;/h1&gt;\n        &lt;p className="text-white/55 text-[17px] mt-4"&gt;\n          Tell NXT1 what to build. The AI extends this Next.js foundation.\n        &lt;/p&gt;\n      &lt;/div&gt;\n    &lt;/main&gt;\n  );\n}\n', 'path': 'app/page.jsx'}, ...], ...}.get</failure></testcase><testcase classname="tests.test_iter4_e2e_audit.TestAutoDomain" name="test_cf_connect_bad_token_returns_400" time="0.296" /><testcase classname="tests.test_iter4_e2e_audit.TestAutoDomain" name="test_hosting_readiness" time="0.108" /><testcase classname="tests.test_iter4_e2e_audit.TestAutoDomain" name="test_caddy_generate_has_hsts" time="0.125" /><testcase classname="tests.test_iter4_e2e_audit.TestManualDomain" name="test_create_list_verify_domain" time="0.387" /><testcase classname="tests.test_iter4_e2e_audit.TestEnvVars" name="test_env_crud" time="0.543" /><testcase classname="tests.test_iter4_e2e_audit.TestAssets" name="test_upload_and_list" time="0.389" /><testcase classname="tests.test_iter4_e2e_audit.TestAIRouting" name="test_providers_listed" time="0.110" /><testcase classname="tests.test_iter4_e2e_audit.TestAIRouting" name="test_task_routing_table_multi_provider" time="0.106"><failure message="AssertionError: routing is hardcoded to a single provider: {'emergent'}&#10;assert 1 &gt;= 2&#10; +  where 1 = len({'emergent'})">backend/tests/test_iter4_e2e_audit.py:310: in test_task_routing_table_multi_provider
    assert len(suggested_providers) &gt;= 2, (
E   AssertionError: routing is hardcoded to a single provider: {'emergent'}
E   assert 1 &gt;= 2
E    +  where 1 = len({'emergent'})</failure></testcase><testcase classname="tests.test_iter4_e2e_audit.TestAIRouting" name="test_agents_route_picks_role_by_prompt" time="0.338" /><testcase classname="tests.test_iter4_e2e_audit.TestAgentOS" name="test_agents_listed" time="0.111" /><testcase classname="tests.test_iter4_e2e_audit.TestAgentOS" name="test_lifecycle_returns_states" time="0.131" /><testcase classname="tests.test_iter4_e2e_audit.TestAgentOS" name="test_per_agent_conversation_history_exists" time="0.221" /></testsuite></testsuites>