<?xml version="1.0" encoding="utf-8"?><testsuites name="pytest tests"><testsuite name="pytest" errors="0" failures="0" skipped="0" tests="15" time="2.358" timestamp="2026-05-15T17:13:30.456470+00:00" hostname="agent-env-126c0e95-ef8e-4d95-b098-202d1ed27ee0"><testcase classname="tests.test_iter9_bolt_migration.TestBoltProxy" name="test_root_returns_html_with_coep_coop" time="0.427" /><testcase classname="tests.test_iter9_bolt_migration.TestBoltProxy" name="test_html_payload_is_bolt_remix" time="0.190" /><testcase classname="tests.test_iter9_bolt_migration.TestBoltProxy" name="test_query_string_preserved" time="0.186" /><testcase classname="tests.test_iter9_bolt_migration.TestBoltProxy" name="test_logo_svg_served" time="0.115" /><testcase classname="tests.test_iter9_bolt_migration.TestBoltProxy" name="test_favicon_served" time="0.107" /><testcase classname="tests.test_iter9_bolt_migration.TestNotifications" name="test_list_authed" time="0.393" /><testcase classname="tests.test_iter9_bolt_migration.TestSocial" name="test_posts_list" time="0.088" /><testcase classname="tests.test_iter9_bolt_migration.TestSocial" name="test_oauth_status" time="0.086" /><testcase classname="tests.test_iter9_bolt_migration.TestMemory" name="test_list" time="0.088" /><testcase classname="tests.test_iter9_bolt_migration.TestLeads" name="test_leads_list_admin" time="0.169" /><testcase classname="tests.test_iter9_bolt_migration.TestLeads" name="test_leads_list_user" time="0.082" /><testcase classname="tests.test_iter9_bolt_migration.TestPublicChat" name="test_landing_page" time="0.083" /><testcase classname="tests.test_iter9_bolt_migration.TestPublicChat" name="test_chat_intake_endpoint_reachable" time="0.119" /><testcase classname="tests.test_iter9_bolt_migration.TestHealth" name="test_system_health" time="0.082" /><testcase classname="tests.test_iter9_bolt_migration.TestHealth" name="test_agentos_builder_status" time="0.106" /></testsuite></testsuites>