<?xml version="1.0" encoding="utf-8"?><testsuites name="pytest tests"><testsuite name="pytest" errors="0" failures="0" skipped="0" tests="7" time="3.667" timestamp="2026-05-15T18:03:10.000042+00:00" hostname="agent-env-126c0e95-ef8e-4d95-b098-202d1ed27ee0"><testcase classname="tests.test_iter10_builder_chat.TestBuilderChat" name="test_get_empty_history_for_unknown_project" time="0.365" /><testcase classname="tests.test_iter10_builder_chat.TestBuilderChat" name="test_post_user_message_returns_created_message" time="0.553" /><testcase classname="tests.test_iter10_builder_chat.TestBuilderChat" name="test_post_invalid_role_returns_400" time="0.201" /><testcase classname="tests.test_iter10_builder_chat.TestBuilderChat" name="test_put_replaces_full_history" time="1.071" /><testcase classname="tests.test_iter10_builder_chat.TestBuilderChat" name="test_delete_clears_history" time="0.638" /><testcase classname="tests.test_iter10_builder_chat.TestBoltProxyIsolation" name="test_bolt_engine_root_returns_200_with_isolation" time="0.381" /><testcase classname="tests.test_iter10_builder_chat.TestBoltProxyIsolation" name="test_bolt_engine_headless_query_returns_200_with_isolation" time="0.424" /></testsuite></testsuites>