<?xml version="1.0" encoding="utf-8"?><testsuites name="pytest tests"><testsuite name="pytest" errors="0" failures="1" skipped="0" tests="14" time="83.522" timestamp="2026-05-14T01:56:05.801004+00:00" hostname="agent-env-4f4224c0-5807-47bd-8f58-af4170b76c00"><testcase classname="tests.test_iter6_agentos_full" name="test_agents_catalog" time="0.375" /><testcase classname="tests.test_iter6_agentos_full" name="test_agentos_stats" time="0.131"><failure message="AssertionError: stats missing agents: {'agents'}&#10;assert False&#10; +  where False = &lt;built-in method issubset of set object at 0xf8ec201158c0&gt;({'agents'})&#10; +    where &lt;built-in method issubset of set object at 0xf8ec201158c0&gt; = {'custom', 'founders_scout', 'job_scout', 'resume_tailor', 'social_strategist'}.issubset">backend/tests/test_iter6_agentos_full.py:60: in test_agentos_stats
    assert expected.issubset(keys), f"stats missing agents: {keys}"
E   AssertionError: stats missing agents: {'agents'}
E   assert False
E    +  where False = &lt;built-in method issubset of set object at 0xf8ec201158c0&gt;({'agents'})
E    +    where &lt;built-in method issubset of set object at 0xf8ec201158c0&gt; = {'custom', 'founders_scout', 'job_scout', 'resume_tailor', 'social_strategist'}.issubset</failure></testcase><testcase classname="tests.test_iter6_agentos_full" name="test_tasks_list_no_500" time="0.135" /><testcase classname="tests.test_iter6_agentos_full" name="test_ui_registry" time="0.145" /><testcase classname="tests.test_iter6_agentos_full" name="test_ui_registry_implemented" time="0.139" /><testcase classname="tests.test_iter6_agentos_full" name="test_system_ready" time="0.134" /><testcase classname="tests.test_iter6_agentos_full" name="test_resume_extract_ok" time="0.138" /><testcase classname="tests.test_iter6_agentos_full" name="test_resume_extract_too_short" time="0.140" /><testcase classname="tests.test_iter6_agentos_full" name="test_custom_agent_run" time="31.966" /><testcase classname="tests.test_iter6_agentos_full" name="test_founders_scout_run" time="3.419" /><testcase classname="tests.test_iter6_agentos_full" name="test_social_strategist_run" time="22.357" /><testcase classname="tests.test_iter6_agentos_full" name="test_resume_tailor_run" time="19.274" /><testcase classname="tests.test_iter6_agentos_full" name="test_job_scout_soft" time="4.217" /><testcase classname="tests.test_iter6_agentos_full" name="test_app_builder_create_and_workflow" time="0.886" /></testsuite></testsuites>