<?xml version="1.0" encoding="utf-8"?><testsuites name="pytest tests"><testsuite name="pytest" errors="0" failures="0" skipped="0" tests="32" time="3.851" timestamp="2026-05-14T04:25:16.219848+00:00" hostname="agent-env-126c0e95-ef8e-4d95-b098-202d1ed27ee0"><testcase classname="tests.test_iter9_video_studio.TestModelsAndHealth" name="test_models_returns_5" time="0.622" /><testcase classname="tests.test_iter9_video_studio.TestModelsAndHealth" name="test_model_schema" time="0.049" /><testcase classname="tests.test_iter9_video_studio.TestModelsAndHealth" name="test_cogvideox_t2v_only" time="0.047" /><testcase classname="tests.test_iter9_video_studio.TestModelsAndHealth" name="test_kling_pro_supports_both" time="0.051" /><testcase classname="tests.test_iter9_video_studio.TestModelsAndHealth" name="test_health" time="0.049" /><testcase classname="tests.test_iter9_video_studio.TestModelsAndHealth" name="test_models_unauth" time="0.052" /><testcase classname="tests.test_iter9_video_studio.TestUploadReference" name="test_upload_png" time="0.166" /><testcase classname="tests.test_iter9_video_studio.TestUploadReference" name="test_serve_ref" time="0.055" /><testcase classname="tests.test_iter9_video_studio.TestUploadReference" name="test_traversal_blocked" time="0.053" /><testcase classname="tests.test_iter9_video_studio.TestUploadReference" name="test_reject_non_image_suffix" time="0.137" /><testcase classname="tests.test_iter9_video_studio.TestUploadReference" name="test_reject_oversize" time="0.765" /><testcase classname="tests.test_iter9_video_studio.TestGenerateValidation" name="test_i2v_without_ref_id" time="0.047" /><testcase classname="tests.test_iter9_video_studio.TestGenerateValidation" name="test_t2v_fal_not_configured" time="0.047" /><testcase classname="tests.test_iter9_video_studio.TestGenerateValidation" name="test_unknown_model" time="0.048" /><testcase classname="tests.test_iter9_video_studio.TestGenerateValidation" name="test_short_prompt_validation" time="0.050" /><testcase classname="tests.test_iter9_video_studio.TestUploadAndExport" name="test_upload_two_lavfi_clips" time="0.393" /><testcase classname="tests.test_iter9_video_studio.TestUploadAndExport" name="test_list_clips_includes_uploads" time="0.051" /><testcase classname="tests.test_iter9_video_studio.TestUploadAndExport" name="test_export_empty_clip_ids" time="0.060" /><testcase classname="tests.test_iter9_video_studio.TestUploadAndExport" name="test_export_unknown_clip_ids" time="0.057" /><testcase classname="tests.test_iter9_video_studio.TestUploadAndExport" name="test_export_valid_two_clips" time="0.142" /><testcase classname="tests.test_iter9_video_studio.TestUploadAndExport" name="test_serve_export_mp4" time="0.051" /><testcase classname="tests.test_iter9_video_studio.TestUploadAndExport" name="test_list_exports_newest_first" time="0.050" /><testcase classname="tests.test_iter9_video_studio.TestUploadAndExport" name="test_export_path_traversal_blocked" time="0.049" /><testcase classname="tests.test_iter9_video_studio.TestUploadAndExport" name="test_jobs_endpoint" time="0.054" /><testcase classname="tests.test_iter9_video_studio.TestUploadAndExport" name="test_post_to_social_creates_draft" time="0.049" /><testcase classname="tests.test_iter9_video_studio.TestMemoryRegression" name="test_create_list_patch_delete" time="0.269" /><testcase classname="tests.test_iter9_video_studio.TestRegressionSmoke" name="test_workspace_login" time="0.063" /><testcase classname="tests.test_iter9_video_studio.TestRegressionSmoke" name="test_oauth_status" time="0.046" /><testcase classname="tests.test_iter9_video_studio.TestRegressionSmoke" name="test_connections" time="0.047" /><testcase classname="tests.test_iter9_video_studio.TestRegressionSmoke" name="test_autopilot" time="0.053" /><testcase classname="tests.test_iter9_video_studio.TestRegressionSmoke" name="test_posts" time="0.051" /><testcase classname="tests.test_iter9_video_studio.TestRegressionSmoke" name="test_social_publishing_import" time="0.055" /></testsuite></testsuites>