<?xml version="1.0" encoding="utf-8"?><testsuites name="pytest tests"><testsuite name="pytest" errors="0" failures="0" skipped="0" tests="28" time="49.368" timestamp="2026-05-14T04:02:40.171182+00:00" hostname="agent-env-126c0e95-ef8e-4d95-b098-202d1ed27ee0"><testcase classname="tests.test_iter8_memory_refimage.TestMemoryCRUD" name="test_unauth_returns_401_or_403" time="0.435" /><testcase classname="tests.test_iter8_memory_refimage.TestMemoryCRUD" name="test_initial_or_existing_list" time="0.126" /><testcase classname="tests.test_iter8_memory_refimage.TestMemoryCRUD" name="test_create_memory" time="0.053" /><testcase classname="tests.test_iter8_memory_refimage.TestMemoryCRUD" name="test_list_reflects_creation" time="0.051" /><testcase classname="tests.test_iter8_memory_refimage.TestMemoryCRUD" name="test_context_includes_pinned_tag" time="0.055" /><testcase classname="tests.test_iter8_memory_refimage.TestMemoryCRUD" name="test_patch_summary_and_pin_both" time="0.101" /><testcase classname="tests.test_iter8_memory_refimage.TestMemoryCRUD" name="test_patch_unknown_id_404" time="0.066" /><testcase classname="tests.test_iter8_memory_refimage.TestMemoryCRUD" name="test_delete_memory" time="0.100" /><testcase classname="tests.test_iter8_memory_refimage.TestReferenceUpload" name="test_upload_png" time="0.136" /><testcase classname="tests.test_iter8_memory_refimage.TestReferenceUpload" name="test_serve_reference" time="0.047" /><testcase classname="tests.test_iter8_memory_refimage.TestReferenceUpload" name="test_reject_non_image_suffix" time="0.119" /><testcase classname="tests.test_iter8_memory_refimage.TestReferenceUpload" name="test_reject_oversize" time="0.536" /><testcase classname="tests.test_iter8_memory_refimage.TestGenerateWithMemory" name="test_generate_with_reference_image" time="0.053" /><testcase classname="tests.test_iter8_memory_refimage.TestGenerateWithMemory" name="test_job_completes" time="27.615" /><testcase classname="tests.test_iter8_memory_refimage.TestGenerateWithMemory" name="test_post_has_image_and_caption" time="0.055" /><testcase classname="tests.test_iter8_memory_refimage.TestGenerateWithMemory" name="test_backend_log_mentions_memory_and_refimage_and_emergent" time="0.053" /><testcase classname="tests.test_iter8_memory_refimage.TestGenerateWithMemory" name="test_memory_auto_written_fact_and_example" time="0.051" /><testcase classname="tests.test_iter8_memory_refimage.TestRegenerateFeedback" name="test_regenerate_post" time="19.019" /><testcase classname="tests.test_iter8_memory_refimage.TestRegenerateFeedback" name="test_caption_changed_and_feedback_memory" time="0.106" /><testcase classname="tests.test_iter8_memory_refimage.TestRegressionSmoke" name="test_workspace_login" time="0.053" /><testcase classname="tests.test_iter8_memory_refimage.TestRegressionSmoke" name="test_oauth_status" time="0.056" /><testcase classname="tests.test_iter8_memory_refimage.TestRegressionSmoke" name="test_connections" time="0.052" /><testcase classname="tests.test_iter8_memory_refimage.TestRegressionSmoke" name="test_autopilot" time="0.051" /><testcase classname="tests.test_iter8_memory_refimage.TestRegressionSmoke" name="test_posts" time="0.050" /><testcase classname="tests.test_iter8_memory_refimage.TestRegressionSmoke" name="test_video_health" time="0.048" /><testcase classname="tests.test_iter8_memory_refimage.TestRenderReadiness" name="test_python_version" time="0.000" /><testcase classname="tests.test_iter8_memory_refimage.TestRenderReadiness" name="test_requirements_at_root" time="0.000" /><testcase classname="tests.test_iter8_memory_refimage.TestRenderReadiness" name="test_render_yaml_valid" time="0.213" /></testsuite></testsuites>