<?xml version="1.0" encoding="utf-8"?><testsuites name="pytest tests"><testsuite name="pytest" errors="0" failures="0" skipped="0" tests="14" time="8.627" timestamp="2026-05-14T00:31:59.816502+00:00" hostname="agent-env-4f4224c0-5807-47bd-8f58-af4170b76c00"><testcase classname="tests.test_phase21_polish.TestImplementedManifest" name="test_count_and_keys" time="0.291" /><testcase classname="tests.test_phase21_polish.TestSourceCacheHeaders" name="test_spotlight_source_cache_and_xheaders" time="0.078" /><testcase classname="tests.test_phase21_polish.TestSourceCacheHeaders" name="test_primitives_source_xheader_file" time="0.002" /><testcase classname="tests.test_phase21_polish.TestBlockAnnotation" name="test_primitive_named_export" time="0.082" /><testcase classname="tests.test_phase21_polish.TestBlockAnnotation" name="test_default_export_block" time="0.069" /><testcase classname="tests.test_phase21_polish.TestHasEntryHelper" name="test_helper_exists_and_is_used" time="0.072" /><testcase classname="tests.test_phase21_polish.TestHasEntryHelper" name="test_tester_records_has_entry_false_for_empty_files" time="4.326" /><testcase classname="tests.test_phase21_polish.TestWorkflowLifecycle" name="test_start_and_reconcile_to_waiting" time="3.229" /><testcase classname="tests.test_phase21_polish.TestPhase20Regression" name="test_login" time="0.066" /><testcase classname="tests.test_phase21_polish.TestPhase20Regression" name="test_ui_registry_root" time="0.073" /><testcase classname="tests.test_phase21_polish.TestPhase20Regression" name="test_workflows_list" time="0.075" /><testcase classname="tests.test_phase21_polish.TestPhase20Regression" name="test_hosting_readiness" time="0.073" /><testcase classname="tests.test_phase21_polish.TestPhase20Regression" name="test_runner_config" time="0.072" /><testcase classname="tests.test_phase21_polish.TestPhase20Regression" name="test_caddy_generate" time="0.071" /></testsuite></testsuites>