<?xml version="1.0" encoding="utf-8"?><testsuites name="pytest tests"><testsuite name="pytest" errors="0" failures="0" skipped="0" tests="13" time="4.091" timestamp="2026-05-14T00:14:00.565421+00:00" hostname="agent-env-4f4224c0-5807-47bd-8f58-af4170b76c00"><testcase classname="tests.test_phase20_iter2.TestAuth" name="test_login_with_new_password" time="0.158" /><testcase classname="tests.test_phase20_iter2.TestAuth" name="test_login_with_old_password_fails" time="0.047" /><testcase classname="tests.test_phase20_iter2.TestVendoredBlocks" name="test_implemented_list" time="0.046" /><testcase classname="tests.test_phase20_iter2.TestVendoredBlocks" name="test_source_endpoint_spotlight" time="0.056" /><testcase classname="tests.test_phase20_iter2.TestVendoredBlocks" name="test_source_404_for_unknown" time="0.049" /><testcase classname="tests.test_phase20_iter2.TestVendoredBlocks" name="test_annotated_block_returns_source_url" time="0.055" /><testcase classname="tests.test_phase20_iter2.TestVendoredBlocks" name="test_annotated_unimplemented_or_missing" time="0.095" /><testcase classname="tests.test_phase20_iter2.TestPhase20Regression" name="test_registry_root" time="0.056" /><testcase classname="tests.test_phase20_iter2.TestPhase20Regression" name="test_workflows_list" time="0.102" /><testcase classname="tests.test_phase20_iter2.TestPhase20Regression" name="test_hosting_readiness" time="0.050" /><testcase classname="tests.test_phase20_iter2.TestPhase20Regression" name="test_runner_config" time="0.045" /><testcase classname="tests.test_phase20_iter2.TestPhase20Regression" name="test_caddy_generate_hsts" time="0.076" /><testcase classname="tests.test_phase20_iter2.TestWorkflowReconciliation" name="test_reconcile_direct_service_call" time="3.218" /></testsuite></testsuites>