<?xml version="1.0" encoding="utf-8"?><testsuites name="pytest tests"><testsuite name="pytest" errors="0" failures="0" skipped="0" tests="22" time="5.898" timestamp="2026-05-13T23:45:05.198145+00:00" hostname="agent-env-4f4224c0-5807-47bd-8f58-af4170b76c00"><testcase classname="tests.test_phase20_four_tracks.TestRegression" name="test_system_ready" time="0.360" /><testcase classname="tests.test_phase20_four_tracks.TestRegression" name="test_auth_login" time="0.139" /><testcase classname="tests.test_phase20_four_tracks.TestRegression" name="test_scaffolds_count" time="0.392" /><testcase classname="tests.test_phase20_four_tracks.TestRegression" name="test_ai_providers" time="0.110" /><testcase classname="tests.test_phase20_four_tracks.TestTrackA_UIRegistry" name="test_get_registry_full" time="0.120" /><testcase classname="tests.test_phase20_four_tracks.TestTrackA_UIRegistry" name="test_filter_by_kind" time="0.103" /><testcase classname="tests.test_phase20_four_tracks.TestTrackA_UIRegistry" name="test_filter_by_pack" time="0.166" /><testcase classname="tests.test_phase20_four_tracks.TestTrackA_UIRegistry" name="test_directive" time="0.103" /><testcase classname="tests.test_phase20_four_tracks.TestTrackA_UIRegistry" name="test_get_block_by_id" time="0.234" /><testcase classname="tests.test_phase20_four_tracks.TestTrackA_UIRegistry" name="test_get_block_404" time="0.133" /><testcase classname="tests.test_phase20_four_tracks.TestTrackB_Workflows" name="test_start_workflow_404_for_unknown_project" time="0.139" /><testcase classname="tests.test_phase20_four_tracks.TestTrackB_Workflows" name="test_start_workflow_and_lifecycle" time="2.031" /><testcase classname="tests.test_phase20_four_tracks.TestTrackB_Workflows" name="test_cancel_workflow" time="0.334" /><testcase classname="tests.test_phase20_four_tracks.TestTrackC_Hosting" name="test_readiness" time="0.135" /><testcase classname="tests.test_phase20_four_tracks.TestTrackC_Hosting" name="test_caddy_generate" time="0.129" /><testcase classname="tests.test_phase20_four_tracks.TestTrackC_Hosting" name="test_caddy_install_guide" time="0.114" /><testcase classname="tests.test_phase20_four_tracks.TestTrackC_Hosting" name="test_cf_status_default" time="0.134" /><testcase classname="tests.test_phase20_four_tracks.TestTrackC_Hosting" name="test_cf_connect_invalid_token" time="0.151" /><testcase classname="tests.test_phase20_four_tracks.TestTrackC_Hosting" name="test_cf_connect_invalid_long_token" time="0.396" /><testcase classname="tests.test_phase20_four_tracks.TestTrackD_Runner" name="test_runner_config" time="0.136" /><testcase classname="tests.test_phase20_four_tracks.TestTrackD_Runner" name="test_quick_build" time="0.130" /><testcase classname="tests.test_phase20_four_tracks.TestTrackD_Runner" name="test_self_heal_sse" time="0.139" /></testsuite></testsuites>